<?xml version="1.0" encoding="UTF-8"?>
<!-- Generated by org.testng.reporters.JUnitReportReporter -->
<testsuite skipped="0" hostname="DESKTOP-V46TSI5" name="tests.TestGuru" tests="2" failures="0" timestamp="2021-02-21T16:56:43 CET" time="10.137" errors="0">
  <testcase name="testLinkToRegPg" time="4.787" classname="tests.TestGuru"/>
  <system-out/>
  <testcase name="testRegForm" time="5.350" classname="tests.TestGuru"/>
  <system-out/>
</testsuite> <!-- tests.TestGuru -->
